<?xml version="1.0" encoding="utf-8"?><testsuites name="pytest tests"><testsuite name="pytest" errors="0" failures="1" skipped="0" tests="13" time="2.819" timestamp="2026-03-27T04:43:00.271131+00:00" hostname="agent-env-4582c9c0-f6df-43eb-8982-3277f27f7637"><testcase classname="backend.tests.test_skplus.TestHealth" name="test_health" time="0.346"><failure message="requests.exceptions.JSONDecodeError: Expecting value: line 1 column 1 (char 0)">/root/.venv/lib/python3.11/site-packages/requests/models.py:976: in json
    return complexjson.loads(self.text, **kwargs)
           ^^^^^^^^^^^^^^^^^^^^^^^^^^^^^^^^^^^^^^
/usr/local/lib/python3.11/json/__init__.py:346: in loads
    return _default_decoder.decode(s)
           ^^^^^^^^^^^^^^^^^^^^^^^^^^
/usr/local/lib/python3.11/json/decoder.py:337: in decode
    obj, end = self.raw_decode(s, idx=_w(s, 0).end())
               ^^^^^^^^^^^^^^^^^^^^^^^^^^^^^^^^^^^^^^
/usr/local/lib/python3.11/json/decoder.py:355: in raw_decode
    raise JSONDecodeError("Expecting value", s, err.value) from None
E   json.decoder.JSONDecodeError: Expecting value: line 1 column 1 (char 0)

During handling of the above exception, another exception occurred:
backend/tests/test_skplus.py:12: in test_health
    assert r.json().get("ok") is True
           ^^^^^^^^
/root/.venv/lib/python3.11/site-packages/requests/models.py:980: in json
    raise RequestsJSONDecodeError(e.msg, e.doc, e.pos)
E   requests.exceptions.JSONDecodeError: Expecting value: line 1 column 1 (char 0)</failure></testcase><testcase classname="backend.tests.test_skplus.TestAuth" name="test_login_valid" time="0.423" /><testcase classname="backend.tests.test_skplus.TestAuth" name="test_login_invalid" time="0.140" /><testcase classname="backend.tests.test_skplus.TestAuth" name="test_extensao_invalid_key" time="0.141" /><testcase classname="backend.tests.test_skplus.TestAuth" name="test_me" time="0.486" /><testcase classname="backend.tests.test_skplus.TestDashboard" name="test_dashboard_metrics" time="0.122" /><testcase classname="backend.tests.test_skplus.TestUsers" name="test_list_users" time="0.097" /><testcase classname="backend.tests.test_skplus.TestUsers" name="test_create_user" time="0.319" /><testcase classname="backend.tests.test_skplus.TestUsers" name="test_list_users_unauthorized" time="0.097" /><testcase classname="backend.tests.test_skplus.TestContas" name="test_list_contas" time="0.138" /><testcase classname="backend.tests.test_skplus.TestContas" name="test_create_conta" time="0.092" /><testcase classname="backend.tests.test_skplus.TestTarefas" name="test_list_tarefas" time="0.127" /><testcase classname="backend.tests.test_skplus.TestLogs" name="test_list_logs" time="0.149" /></testsuite></testsuites>